<?xml version="1.0" encoding="UTF-8"?>
<!-- Generated by org.testng.reporters.JUnitReportReporter -->
<testsuite hostname="Pavithra-Laptop" failures="0" tests="3" name="com.tarladalal.testcases.TC_HypothyroidData" time="746.658" errors="0" timestamp="2023-04-25T09:06:20 MST" skipped="0">
  <testcase classname="com.tarladalal.testcases.TC_HypothyroidData" name="browserlaunch" time="2.855"/>
  <system-out/>
  <testcase classname="com.tarladalal.testcases.TC_HypothyroidData" name="getRecipeDetails" time="10.810"/>
  <system-out/>
  <testcase classname="com.tarladalal.testcases.TC_HypothyroidData" name="captureDatainsheet" time="732.993"/>
  <system-out/>
</testsuite> <!-- com.tarladalal.testcases.TC_HypothyroidData -->
