<?xml version="1.0" encoding="UTF-8"?>
<!-- Generated by org.testng.reporters.JUnitReportReporter -->
<testsuite hostname="Pavithra-Laptop" failures="0" tests="3" name="com.tarladalal.testcases.TC_DiabetesData" time="883.834" errors="0" timestamp="2023-04-23T13:14:48 MST" skipped="0">
  <testcase classname="com.tarladalal.testcases.TC_DiabetesData" name="browserlaunch" time="2.219"/>
  <system-out/>
  <testcase classname="com.tarladalal.testcases.TC_DiabetesData" name="getRecipeDetails" time="5.103"/>
  <system-out/>
  <testcase classname="com.tarladalal.testcases.TC_DiabetesData" name="captureDatainsheet" time="876.512"/>
  <system-out/>
</testsuite> <!-- com.tarladalal.testcases.TC_DiabetesData -->
