<?xml version="1.0" encoding="UTF-8"?>
<!-- Generated by org.testng.reporters.JUnitReportReporter -->
<testsuite hostname="Pavithra-Laptop" failures="0" tests="3" name="com.tarladalal.testcases.TC_HypertensionData" time="619.028" errors="0" timestamp="2023-04-24T18:22:06 MST" skipped="0">
  <testcase classname="com.tarladalal.testcases.TC_HypertensionData" name="browserlaunch" time="2.509"/>
  <system-out/>
  <testcase classname="com.tarladalal.testcases.TC_HypertensionData" name="getRecipeDetails" time="4.215"/>
  <system-out/>
  <testcase classname="com.tarladalal.testcases.TC_HypertensionData" name="captureDatainsheet" time="612.304"/>
  <system-out/>
</testsuite> <!-- com.tarladalal.testcases.TC_HypertensionData -->
