<?xml version="1.0" encoding="UTF-8"?>
<!-- Generated by org.testng.reporters.JUnitReportReporter -->
<testsuite hostname="Pavithra-Laptop" failures="0" tests="3" name="com.tarladalal.testcases.TC_PCOSData" time="633.195" errors="0" timestamp="2023-04-25T08:23:52 MST" skipped="0">
  <testcase classname="com.tarladalal.testcases.TC_PCOSData" name="browserlaunch" time="2.286"/>
  <system-out/>
  <testcase classname="com.tarladalal.testcases.TC_PCOSData" name="getRecipeDetails" time="5.322"/>
  <system-out/>
  <testcase classname="com.tarladalal.testcases.TC_PCOSData" name="captureDatainsheet" time="625.587"/>
  <system-out/>
</testsuite> <!-- com.tarladalal.testcases.TC_PCOSData -->
