<?xml version="1.0" encoding="UTF-8"?>
<!-- Generated by org.testng.reporters.JUnitReportReporter -->
<testsuite hostname="Pavithra-Laptop" failures="0" tests="3" name="com.tarladalal.testcases.TC_Hypothyroidism" time="27.214" errors="0" timestamp="2023-04-25T11:25:42 MST" skipped="0">
  <testcase classname="com.tarladalal.testcases.TC_Hypothyroidism" name="browserlaunch" time="7.151"/>
  <system-out/>
  <testcase classname="com.tarladalal.testcases.TC_Hypothyroidism" name="getRecipeDetails" time="7.216"/>
  <system-out/>
  <testcase classname="com.tarladalal.testcases.TC_Hypothyroidism" name="captureDatainsheet" time="12.847"/>
  <system-out/>
</testsuite> <!-- com.tarladalal.testcases.TC_Hypothyroidism -->
